Notify: Found jdk version: 1.8.0.	[MsgId: MMSG-22986]
Notify: classpath=C:\VFIE_CRM_UpdateContact\;c:\program files (x86)\hp\loadrunner\classes\srv;c:\program files (x86)\hp\loadrunner\classes;C:\Jars Used\wlthint3client.jar;C:\Jars Used\uams.jar;C:\Jars Used\AmdocsCIH.jar;C:\Jars Used\AmdocsCore.jar;;;;c:\program files (x86)\hp\loadrunner\lib\xstream-1.4.8.jar;c:\program files (x86)\hp\loadrunner\lib\xpp3-1.1.4c.jar	[MsgId: MMSG-22986]
Error: Compilation process failed.	[MsgId: MERR-22997]
Error: C:\VFIE_CRM_UpdateContact\Actions.java:35: error: package com.amdocs.aif.consumer does not exist	[MsgId: MERR-22986]
Error: import com.amdocs.aif.consumer.OperationInputs;	[MsgId: MERR-22986]
Error:                               ^	[MsgId: MERR-22986]
Error: C:\VFIE_CRM_UpdateContact\Actions.java:270: error: cannot find symbol	[MsgId: MERR-22986]
Error: 		personDetails.setMothersMaidenNameX2(personName);	[MsgId: MERR-22986]
Error: 		             ^	[MsgId: MERR-22986]
Error:   symbol:   method setMothersMaidenNameX2(String)	[MsgId: MERR-22986]
Error:   location: variable personDetails of type PersonDetails	[MsgId: MERR-22986]
Error: C:\VFIE_CRM_UpdateContact\Actions.java:283: error: cannot find symbol	[MsgId: MERR-22986]
Error: 			personDetails.setEmployedFromX2(dateFormat.parse(dateString));	[MsgId: MERR-22986]
Error: 			             ^	[MsgId: MERR-22986]
Error:   symbol:   method setEmployedFromX2(Date)	[MsgId: MERR-22986]
Error:   location: variable personDetails of type PersonDetails	[MsgId: MERR-22986]
Error: C:\VFIE_CRM_UpdateContact\Actions.java:284: error: cannot find symbol	[MsgId: MERR-22986]
Error: 			personDetails.setMonthlyIncomeX2("100000");	[MsgId: MERR-22986]
Error: 			             ^	[MsgId: MERR-22986]
Error:   symbol:   method setMonthlyIncomeX2(String)	[MsgId: MERR-22986]
Error:   location: variable personDetails of type PersonDetails	[MsgId: MERR-22986]
Error: C:\VFIE_CRM_UpdateContact\Actions.java:292: error: cannot find symbol	[MsgId: MERR-22986]
Error: 		personDetails.setPhoneNumberX2(""+lr.eval_string("<p_phone>")+"");	[MsgId: MERR-22986]
Error: 		             ^	[MsgId: MERR-22986]
Error:   symbol:   method setPhoneNumberX2(String)	[MsgId: MERR-22986]
Error:   location: variable personDetails of type PersonDetails	[MsgId: MERR-22986]
Error: C:\VFIE_CRM_UpdateContact\Actions.java:294: error: cannot find symbol	[MsgId: MERR-22986]
Error: 		personDetails.setNoOfChildrenX2(1);	[MsgId: MERR-22986]
Error: 		             ^	[MsgId: MERR-22986]
Error:   symbol:   method setNoOfChildrenX2(int)	[MsgId: MERR-22986]
Error:   location: variable personDetails of type PersonDetails	[MsgId: MERR-22986]
Error: C:\VFIE_CRM_UpdateContact\Actions.java:295: error: cannot find symbol	[MsgId: MERR-22986]
Error: 		personDetails.setEmployedWithX2("CONVERSION");	[MsgId: MERR-22986]
Error: 		             ^	[MsgId: MERR-22986]
Error:   symbol:   method setEmployedWithX2(String)	[MsgId: MERR-22986]
Error:   location: variable personDetails of type PersonDetails	[MsgId: MERR-22986]
Error: C:\VFIE_CRM_UpdateContact\Actions.java:296: error: cannot find symbol	[MsgId: MERR-22986]
Error: 		personDetails.setProofOfFinDocX2("Certificate of Employment & Compensation");	[MsgId: MERR-22986]
Error: 		             ^	[MsgId: MERR-22986]
Error:   symbol:   method setProofOfFinDocX2(String)	[MsgId: MERR-22986]
Error:   location: variable personDetails of type PersonDetails	[MsgId: MERR-22986]
Error: C:\VFIE_CRM_UpdateContact\Actions.java:297: error: cannot find symbol	[MsgId: MERR-22986]
Error: 		personDetails.setCivilStatusX2("Single");	[MsgId: MERR-22986]
Error: 		             ^	[MsgId: MERR-22986]
Error:   symbol:   method setCivilStatusX2(String)	[MsgId: MERR-22986]
Error:   location: variable personDetails of type PersonDetails	[MsgId: MERR-22986]
Error: C:\VFIE_CRM_UpdateContact\Actions.java:298: error: cannot find symbol	[MsgId: MERR-22986]
Error: 		personDetails.setNationalityX2("Filipino");	[MsgId: MERR-22986]
Error: 		             ^	[MsgId: MERR-22986]
Error:   symbol:   method setNationalityX2(String)	[MsgId: MERR-22986]
Error:   location: variable personDetails of type PersonDetails	[MsgId: MERR-22986]
Error: C:\VFIE_CRM_UpdateContact\Actions.java:299: error: cannot find symbol	[MsgId: MERR-22986]
Error: 		personDetails.setPreferredPaymentModeX2("Cash");	[MsgId: MERR-22986]
Error: 		             ^	[MsgId: MERR-22986]
Error:   symbol:   method setPreferredPaymentModeX2(String)	[MsgId: MERR-22986]
Error:   location: variable personDetails of type PersonDetails	[MsgId: MERR-22986]
Error: C:\VFIE_CRM_UpdateContact\Actions.java:300: error: cannot find symbol	[MsgId: MERR-22986]
Error: 		personDetails.setOccupationX2("ADMINISTRATIVE STAFF");	[MsgId: MERR-22986]
Error: 		             ^	[MsgId: MERR-22986]
Error:   symbol:   method setOccupationX2(String)	[MsgId: MERR-22986]
Error:   location: variable personDetails of type PersonDetails	[MsgId: MERR-22986]
Error: C:\VFIE_CRM_UpdateContact\Actions.java:358: error: cannot find symbol	[MsgId: MERR-22986]
Error: 		System.out.println("Contact Object = "+createContactDummy.getPerson().getPersonDetails().getMothersMaidenNameX2());	[MsgId: MERR-22986]
Error: 		                                                                                        ^	[MsgId: MERR-22986]
Error:   symbol:   method getMothersMaidenNameX2()	[MsgId: MERR-22986]
Error:   location: class PersonDetails	[MsgId: MERR-22986]
Error: Note: C:\VFIE_CRM_UpdateContact\Actions.java uses or overrides a deprecated API.	[MsgId: MERR-22986]
Error: Note: Recompile with -Xlint:deprecation for details.	[MsgId: MERR-22986]
Error: Note: C:\VFIE_CRM_UpdateContact\Actions.java uses unchecked or unsafe operations.	[MsgId: MERR-22986]
Error: Note: Recompile with -Xlint:unchecked for details.	[MsgId: MERR-22986]
Error: 13 errors	[MsgId: MERR-22986]
